<?xml version="1.0" encoding="UTF-8"?>
<!-- Generated by org.testng.reporters.JUnitReportReporter -->
<testsuite hostname="Khursheeds-MacBook-Air.local" name="com.auto.tests.TestAutoHomePage" tests="2" failures="0" timestamp="18 Oct 2018 18:37:31 GMT" time="36.868" errors="0">
  <testcase name="test_HomePage_Title" time="0.140" classname="com.auto.tests.TestAutoHomePage"/>
  <testcase name="test_SelectCountryLocAndPrint" time="36.728" classname="com.auto.tests.TestAutoHomePage"/>
</testsuite>
