<?xml version="1.0" encoding="UTF-8"?>
<!-- Generated by org.testng.reporters.JUnitReportReporter -->
<testsuite hostname="Khursheeds-MacBook-Air.local" name="com.auto.tests.TestAutoHomePage" tests="1" failures="0" timestamp="18 Oct 2018 04:22:41 GMT" time="69.113" errors="0">
  <testcase name="test_HomePage_Title" time="69.113" classname="com.auto.tests.TestAutoHomePage"/>
</testsuite>
